[
  {
    "level": "INFO",
    "message": "android.ndkVersion from module build.gradle is 22.1.7171670"
  },
  {
    "level": "INFO",
    "message": "ndk.dir in local.properties is not set"
  },
  {
    "level": "INFO",
    "message": "ANDROID_NDK_HOME environment variable is not set"
  },
  {
    "level": "INFO",
    "message": "sdkFolder is /Users/benshuai/Library/Android/sdk"
  },
  {
    "level": "INFO",
    "message": "Considering /Users/benshuai/Library/Android/sdk/ndk-bundle in SDK ndk-bundle folder"
  },
  {
    "level": "INFO",
    "message": "Considering /Users/benshuai/Library/Android/sdk/ndk/20.0.5594570 in SDK ndk folder"
  },
  {
    "level": "INFO",
    "message": "Found requested NDK version 22.1.7171670 at /Users/benshuai/Library/Android/sdk/ndk-bundle"
  }
]